0 info it worked if it ends with ok
1 verbose cli [
1 verbose cli   '/home/kamaneh/.nvm/versions/node/v15.8.0/bin/node',
1 verbose cli   '/home/kamaneh/.nvm/versions/node/v15.8.0/bin/npm',
1 verbose cli   'install'
1 verbose cli ]
2 info using npm@4.0.0
3 info using node@v15.8.0
4 silly loadCurrentTree Starting
5 silly install loadCurrentTree
6 silly install readLocalPackageData
7 verbose stack TypeError: cb.apply is not a function
7 verbose stack     at /home/kamaneh/.nvm/versions/node/v15.8.0/lib/node_modules/npm/node_modules/graceful-fs/polyfills.js:267:18
7 verbose stack     at FSReqCallback.oncomplete (node:fs:197:5)
8 verbose cwd /mnt/d/Gothenburg/2second term/Dialogue Systems/lab 2/react-xstate-colourchanger
9 error Linux 4.19.128-microsoft-standard
10 error argv "/home/kamaneh/.nvm/versions/node/v15.8.0/bin/node" "/home/kamaneh/.nvm/versions/node/v15.8.0/bin/npm" "install"
11 error node v15.8.0
12 error npm  v4.0.0
13 error cb.apply is not a function
14 error If you need help, you may report this error at:
14 error     <https://github.com/npm/npm/issues>
15 verbose exit [ 1, true ]
